{"level":"info","host":"apic.bcn","time":"2023-07-26T01:49:46+02:00","message":"APIC host"}
{"level":"info","user":"admin","time":"2023-07-26T01:49:46+02:00","message":"APIC username"}
{"level":"info","time":"2023-07-26T01:49:46+02:00","message":"Authenticating to the APIC..."}
{"level":"debug","start_time":"2023-07-26T01:49:46+02:00","time":"2023-07-26T01:49:46+02:00","message":"begin: fabricNode"}
{"level":"debug","start_time":"2023-07-26T01:49:46+02:00","time":"2023-07-26T01:49:46+02:00","message":"begin: pkiExportEncryptionKey"}
{"level":"debug","start_time":"2023-07-26T01:49:46+02:00","time":"2023-07-26T01:49:46+02:00","message":"begin: isisDomPol"}
{"level":"debug","start_time":"2023-07-26T01:49:46+02:00","time":"2023-07-26T01:49:46+02:00","message":"begin: fvCtx"}
{"level":"debug","start_time":"2023-07-26T01:49:46+02:00","time":"2023-07-26T01:49:46+02:00","message":"begin: fabricLink"}
{"level":"debug","start_time":"2023-07-26T01:49:46+02:00","time":"2023-07-26T01:49:46+02:00","message":"begin: fabricSetupP"}
{"level":"debug","start_time":"2023-07-26T01:49:46+02:00","time":"2023-07-26T01:49:46+02:00","message":"begin: eqptFlash"}
{"level":"debug","start_time":"2023-07-26T01:49:46+02:00","time":"2023-07-26T01:49:46+02:00","message":"begin: eqptStorage"}
{"level":"debug","start_time":"2023-07-26T01:49:46+02:00","time":"2023-07-26T01:49:46+02:00","message":"begin: faultInst"}
{"level":"info","time":"2023-07-26T01:49:46+02:00","message":"fetching pkiExportEncryptionKey..."}
{"level":"debug","url":"/api/class/pkiExportEncryptionKey","time":"2023-07-26T01:49:46+02:00","message":"requesting resource"}
{"level":"info","time":"2023-07-26T01:49:46+02:00","message":"fetching eqptFlash..."}
{"level":"debug","url":"/api/class/eqptFlash","time":"2023-07-26T01:49:46+02:00","message":"requesting resource"}
{"level":"info","time":"2023-07-26T01:49:46+02:00","message":"fetching faultInst..."}
{"level":"debug","url":"/api/class/faultInst","time":"2023-07-26T01:49:46+02:00","message":"requesting resource"}
{"level":"debug","start_time":"2023-07-26T01:49:46+02:00","time":"2023-07-26T01:49:46+02:00","message":"begin: topSystem"}
{"level":"info","time":"2023-07-26T01:49:46+02:00","message":"fetching fabricSetupP..."}
{"level":"debug","url":"/api/class/fabricSetupP","time":"2023-07-26T01:49:46+02:00","message":"requesting resource"}
{"level":"info","time":"2023-07-26T01:49:46+02:00","message":"fetching isisDomPol..."}
{"level":"info","time":"2023-07-26T01:49:46+02:00","message":"fetching eqptStorage..."}
{"level":"debug","url":"/api/class/eqptStorage","time":"2023-07-26T01:49:46+02:00","message":"requesting resource"}
{"level":"info","time":"2023-07-26T01:49:46+02:00","message":"fetching fvCtx..."}
{"level":"debug","url":"/api/class/fvCtx","time":"2023-07-26T01:49:46+02:00","message":"requesting resource"}
{"level":"info","time":"2023-07-26T01:49:46+02:00","message":"fetching fabricNode..."}
{"level":"debug","url":"/api/class/fabricNode","time":"2023-07-26T01:49:46+02:00","message":"requesting resource"}
{"level":"info","time":"2023-07-26T01:49:46+02:00","message":"fetching topSystem..."}
{"level":"debug","url":"/api/class/topSystem","time":"2023-07-26T01:49:46+02:00","message":"requesting resource"}
{"level":"debug","url":"/api/class/isisDomPol","time":"2023-07-26T01:49:46+02:00","message":"requesting resource"}
{"level":"info","time":"2023-07-26T01:49:46+02:00","message":"fetching fabricLink..."}
{"level":"debug","url":"/api/class/fabricLink","time":"2023-07-26T01:49:46+02:00","message":"requesting resource"}
{"level":"info","time":"2023-07-26T01:49:47+02:00","message":"eqptFlash complete"}
{"level":"debug","elapsed_time":93,"time":"2023-07-26T01:49:47+02:00","message":"done: eqptFlash"}
{"level":"info","time":"2023-07-26T01:49:47+02:00","message":"pkiExportEncryptionKey complete"}
{"level":"debug","elapsed_time":182,"time":"2023-07-26T01:49:47+02:00","message":"done: pkiExportEncryptionKey"}
{"level":"info","time":"2023-07-26T01:49:47+02:00","message":"faultInst complete"}
{"level":"info","time":"2023-07-26T01:49:47+02:00","message":"fabricLink complete"}
{"level":"debug","elapsed_time":1011,"time":"2023-07-26T01:49:47+02:00","message":"done: faultInst"}
{"level":"debug","elapsed_time":1013,"time":"2023-07-26T01:49:47+02:00","message":"done: fabricLink"}
{"level":"info","time":"2023-07-26T01:49:47+02:00","message":"topSystem complete"}
{"level":"debug","elapsed_time":1028,"time":"2023-07-26T01:49:47+02:00","message":"done: topSystem"}
{"level":"info","time":"2023-07-26T01:49:47+02:00","message":"fabricNode complete"}
{"level":"info","time":"2023-07-26T01:49:47+02:00","message":"fvCtx complete"}
{"level":"info","time":"2023-07-26T01:49:47+02:00","message":"fabricSetupP complete"}
{"level":"debug","elapsed_time":1032,"time":"2023-07-26T01:49:47+02:00","message":"done: fabricNode"}
{"level":"debug","elapsed_time":1032,"time":"2023-07-26T01:49:47+02:00","message":"done: fabricSetupP"}
{"level":"info","time":"2023-07-26T01:49:47+02:00","message":"isisDomPol complete"}
{"level":"debug","elapsed_time":1032,"time":"2023-07-26T01:49:47+02:00","message":"done: fvCtx"}
{"level":"info","time":"2023-07-26T01:49:47+02:00","message":"eqptStorage complete"}
{"level":"debug","elapsed_time":1032,"time":"2023-07-26T01:49:47+02:00","message":"done: isisDomPol"}
{"level":"debug","elapsed_time":1033,"time":"2023-07-26T01:49:47+02:00","message":"done: eqptStorage"}
{"level":"debug","start_time":"2023-07-26T01:49:47+02:00","time":"2023-07-26T01:49:47+02:00","message":"begin: firmwareCtrlrRunning"}
{"level":"debug","start_time":"2023-07-26T01:49:47+02:00","time":"2023-07-26T01:49:47+02:00","message":"begin: l2extDomP"}
{"level":"debug","start_time":"2023-07-26T01:49:47+02:00","time":"2023-07-26T01:49:47+02:00","message":"begin: l3extDomP"}
{"level":"debug","start_time":"2023-07-26T01:49:47+02:00","time":"2023-07-26T01:49:47+02:00","message":"begin: firmwareRunning"}
{"level":"info","time":"2023-07-26T01:49:47+02:00","message":"fetching firmwareCtrlrRunning..."}
{"level":"debug","url":"/api/class/firmwareCtrlrRunning","time":"2023-07-26T01:49:47+02:00","message":"requesting resource"}
{"level":"debug","start_time":"2023-07-26T01:49:47+02:00","time":"2023-07-26T01:49:47+02:00","message":"begin: fabricNodeBlk"}
{"level":"debug","start_time":"2023-07-26T01:49:47+02:00","time":"2023-07-26T01:49:47+02:00","message":"begin: infraRsVlanNs"}
{"level":"debug","start_time":"2023-07-26T01:49:47+02:00","time":"2023-07-26T01:49:47+02:00","message":"begin: maintMaintGrp"}
{"level":"debug","start_time":"2023-07-26T01:49:47+02:00","time":"2023-07-26T01:49:47+02:00","message":"begin: physDomP"}
{"level":"info","time":"2023-07-26T01:49:47+02:00","message":"fetching maintMaintGrp..."}
{"level":"debug","url":"/api/class/maintMaintGrp","time":"2023-07-26T01:49:47+02:00","message":"requesting resource"}
{"level":"info","time":"2023-07-26T01:49:47+02:00","message":"fetching physDomP..."}
{"level":"debug","url":"/api/class/physDomP","time":"2023-07-26T01:49:47+02:00","message":"requesting resource"}
{"level":"info","time":"2023-07-26T01:49:47+02:00","message":"fetching firmwareRunning..."}
{"level":"debug","url":"/api/class/firmwareRunning","time":"2023-07-26T01:49:47+02:00","message":"requesting resource"}
{"level":"info","time":"2023-07-26T01:49:47+02:00","message":"fetching fabricNodeBlk..."}
{"level":"debug","url":"/api/class/fabricNodeBlk","time":"2023-07-26T01:49:47+02:00","message":"requesting resource"}
{"level":"debug","start_time":"2023-07-26T01:49:47+02:00","time":"2023-07-26T01:49:47+02:00","message":"begin: maintRsMgrpp"}
{"level":"info","time":"2023-07-26T01:49:47+02:00","message":"fetching l3extDomP..."}
{"level":"debug","url":"/api/class/l3extDomP","time":"2023-07-26T01:49:47+02:00","message":"requesting resource"}
{"level":"info","time":"2023-07-26T01:49:47+02:00","message":"fetching infraRsVlanNs..."}
{"level":"debug","url":"/api/class/infraRsVlanNs","time":"2023-07-26T01:49:47+02:00","message":"requesting resource"}
{"level":"info","time":"2023-07-26T01:49:47+02:00","message":"fetching l2extDomP..."}
{"level":"debug","url":"/api/class/l2extDomP","time":"2023-07-26T01:49:47+02:00","message":"requesting resource"}
{"level":"debug","start_time":"2023-07-26T01:49:47+02:00","time":"2023-07-26T01:49:47+02:00","message":"begin: maintMaintP"}
{"level":"info","time":"2023-07-26T01:49:47+02:00","message":"fetching maintRsMgrpp..."}
{"level":"debug","url":"/api/class/maintRsMgrpp","time":"2023-07-26T01:49:47+02:00","message":"requesting resource"}
{"level":"info","time":"2023-07-26T01:49:47+02:00","message":"fetching maintMaintP..."}
{"level":"debug","url":"/api/class/maintMaintP","time":"2023-07-26T01:49:47+02:00","message":"requesting resource"}
{"level":"info","time":"2023-07-26T01:49:48+02:00","message":"maintMaintGrp complete"}
{"level":"debug","elapsed_time":221,"time":"2023-07-26T01:49:48+02:00","message":"done: maintMaintGrp"}
{"level":"info","time":"2023-07-26T01:49:48+02:00","message":"firmwareCtrlrRunning complete"}
{"level":"debug","elapsed_time":540,"time":"2023-07-26T01:49:48+02:00","message":"done: firmwareCtrlrRunning"}
{"level":"info","time":"2023-07-26T01:49:48+02:00","message":"physDomP complete"}
{"level":"debug","elapsed_time":546,"time":"2023-07-26T01:49:48+02:00","message":"done: physDomP"}
{"level":"info","time":"2023-07-26T01:49:48+02:00","message":"firmwareRunning complete"}
{"level":"debug","elapsed_time":867,"time":"2023-07-26T01:49:48+02:00","message":"done: firmwareRunning"}
{"level":"info","time":"2023-07-26T01:49:48+02:00","message":"fabricNodeBlk complete"}
{"level":"debug","elapsed_time":868,"time":"2023-07-26T01:49:48+02:00","message":"done: fabricNodeBlk"}
{"level":"info","time":"2023-07-26T01:49:49+02:00","message":"l3extDomP complete"}
{"level":"info","time":"2023-07-26T01:49:49+02:00","message":"maintMaintP complete"}
{"level":"debug","elapsed_time":1082,"time":"2023-07-26T01:49:49+02:00","message":"done: l3extDomP"}
{"level":"info","time":"2023-07-26T01:49:49+02:00","message":"infraRsVlanNs complete"}
{"level":"debug","elapsed_time":1085,"time":"2023-07-26T01:49:49+02:00","message":"done: maintMaintP"}
{"level":"info","time":"2023-07-26T01:49:49+02:00","message":"l2extDomP complete"}
{"level":"debug","elapsed_time":1085,"time":"2023-07-26T01:49:49+02:00","message":"done: infraRsVlanNs"}
{"level":"info","time":"2023-07-26T01:49:49+02:00","message":"maintRsMgrpp complete"}
{"level":"debug","elapsed_time":1086,"time":"2023-07-26T01:49:49+02:00","message":"done: l2extDomP"}
{"level":"debug","elapsed_time":1086,"time":"2023-07-26T01:49:49+02:00","message":"done: maintRsMgrpp"}
{"level":"debug","start_time":"2023-07-26T01:49:49+02:00","time":"2023-07-26T01:49:49+02:00","message":"begin: l3extOut"}
{"level":"info","time":"2023-07-26T01:49:49+02:00","message":"fetching l3extOut..."}
{"level":"debug","url":"/api/class/l3extOut","time":"2023-07-26T01:49:49+02:00","message":"requesting resource"}
{"level":"debug","start_time":"2023-07-26T01:49:49+02:00","time":"2023-07-26T01:49:49+02:00","message":"begin: fabricHealthTotal"}
{"level":"info","time":"2023-07-26T01:49:49+02:00","message":"fetching fabricHealthTotal..."}
{"level":"debug","url":"/api/class/fabricHealthTotal","time":"2023-07-26T01:49:49+02:00","message":"requesting resource"}
{"level":"debug","start_time":"2023-07-26T01:49:49+02:00","time":"2023-07-26T01:49:49+02:00","message":"begin: healthInst"}
{"level":"info","time":"2023-07-26T01:49:49+02:00","message":"fetching healthInst..."}
{"level":"debug","url":"/api/class/healthInst","time":"2023-07-26T01:49:49+02:00","message":"requesting resource"}
{"level":"debug","start_time":"2023-07-26T01:49:49+02:00","time":"2023-07-26T01:49:49+02:00","message":"begin: fvTenant"}
{"level":"info","time":"2023-07-26T01:49:49+02:00","message":"fetching fvTenant..."}
{"level":"debug","start_time":"2023-07-26T01:49:49+02:00","time":"2023-07-26T01:49:49+02:00","message":"begin: fvRsPathAtt"}
{"level":"debug","start_time":"2023-07-26T01:49:49+02:00","time":"2023-07-26T01:49:49+02:00","message":"begin: vzBrCP"}
{"level":"debug","url":"/api/class/fvTenant","time":"2023-07-26T01:49:49+02:00","message":"requesting resource"}
{"level":"info","time":"2023-07-26T01:49:49+02:00","message":"fetching vzBrCP..."}
{"level":"debug","url":"/api/class/vzBrCP","time":"2023-07-26T01:49:49+02:00","message":"requesting resource"}
{"level":"debug","start_time":"2023-07-26T01:49:49+02:00","time":"2023-07-26T01:49:49+02:00","message":"begin: infraSetPol"}
{"level":"debug","start_time":"2023-07-26T01:49:49+02:00","time":"2023-07-26T01:49:49+02:00","message":"begin: eqptSupC"}
{"level":"info","time":"2023-07-26T01:49:49+02:00","message":"fetching fvRsPathAtt..."}
{"level":"debug","url":"/api/class/fvRsPathAtt","time":"2023-07-26T01:49:49+02:00","message":"requesting resource"}
{"level":"debug","start_time":"2023-07-26T01:49:49+02:00","time":"2023-07-26T01:49:49+02:00","message":"begin: fvBD"}
{"level":"info","time":"2023-07-26T01:49:49+02:00","message":"fetching eqptSupC..."}
{"level":"info","time":"2023-07-26T01:49:49+02:00","message":"fetching fvBD..."}
{"level":"debug","url":"/api/class/fvBD","time":"2023-07-26T01:49:49+02:00","message":"requesting resource"}
{"level":"info","time":"2023-07-26T01:49:49+02:00","message":"fetching infraSetPol..."}
{"level":"debug","url":"/api/class/infraSetPol","time":"2023-07-26T01:49:49+02:00","message":"requesting resource"}
{"level":"debug","url":"/api/class/eqptSupC","time":"2023-07-26T01:49:49+02:00","message":"requesting resource"}
{"level":"debug","start_time":"2023-07-26T01:49:49+02:00","time":"2023-07-26T01:49:49+02:00","message":"begin: fvAEPg"}
{"level":"info","time":"2023-07-26T01:49:49+02:00","message":"fetching fvAEPg..."}
{"level":"debug","url":"/api/class/fvAEPg","time":"2023-07-26T01:49:49+02:00","message":"requesting resource"}
{"level":"info","time":"2023-07-26T01:49:49+02:00","message":"fabricHealthTotal complete"}
{"level":"debug","elapsed_time":178,"time":"2023-07-26T01:49:49+02:00","message":"done: fabricHealthTotal"}
{"level":"info","time":"2023-07-26T01:49:49+02:00","message":"l3extOut complete"}
{"level":"debug","elapsed_time":179,"time":"2023-07-26T01:49:49+02:00","message":"done: l3extOut"}
{"level":"info","time":"2023-07-26T01:49:49+02:00","message":"fvTenant complete"}
{"level":"debug","elapsed_time":300,"time":"2023-07-26T01:49:49+02:00","message":"done: fvTenant"}
{"level":"info","time":"2023-07-26T01:49:49+02:00","message":"vzBrCP complete"}
{"level":"debug","elapsed_time":422,"time":"2023-07-26T01:49:49+02:00","message":"done: vzBrCP"}
{"level":"info","time":"2023-07-26T01:49:49+02:00","message":"fvRsPathAtt complete"}
{"level":"debug","elapsed_time":449,"time":"2023-07-26T01:49:49+02:00","message":"done: fvRsPathAtt"}
{"level":"info","time":"2023-07-26T01:49:49+02:00","message":"fvBD complete"}
{"level":"debug","elapsed_time":452,"time":"2023-07-26T01:49:49+02:00","message":"done: fvBD"}
{"level":"info","time":"2023-07-26T01:49:49+02:00","message":"infraSetPol complete"}
{"level":"debug","elapsed_time":564,"time":"2023-07-26T01:49:49+02:00","message":"done: infraSetPol"}
{"level":"info","time":"2023-07-26T01:49:49+02:00","message":"healthInst complete"}
{"level":"debug","elapsed_time":566,"time":"2023-07-26T01:49:49+02:00","message":"done: healthInst"}
{"level":"info","time":"2023-07-26T01:49:49+02:00","message":"fvAEPg complete"}
{"level":"info","time":"2023-07-26T01:49:49+02:00","message":"eqptSupC complete"}
{"level":"debug","elapsed_time":566,"time":"2023-07-26T01:49:49+02:00","message":"done: fvAEPg"}
{"level":"debug","elapsed_time":566,"time":"2023-07-26T01:49:49+02:00","message":"done: eqptSupC"}
{"level":"debug","start_time":"2023-07-26T01:49:49+02:00","time":"2023-07-26T01:49:49+02:00","message":"begin: eqptcapacityFSPartition"}
{"level":"debug","start_time":"2023-07-26T01:49:49+02:00","time":"2023-07-26T01:49:49+02:00","message":"begin: coopPol"}
{"level":"debug","start_time":"2023-07-26T01:49:49+02:00","time":"2023-07-26T01:49:49+02:00","message":"begin: mcpInstPol"}
{"level":"info","time":"2023-07-26T01:49:49+02:00","message":"fetching coopPol..."}
{"level":"debug","url":"/api/class/coopPol","time":"2023-07-26T01:49:49+02:00","message":"requesting resource"}
{"level":"info","time":"2023-07-26T01:49:49+02:00","message":"fetching mcpInstPol..."}
{"level":"debug","start_time":"2023-07-26T01:49:49+02:00","time":"2023-07-26T01:49:49+02:00","message":"begin: l3extRsPathL3OutAtt"}
{"level":"debug","start_time":"2023-07-26T01:49:49+02:00","time":"2023-07-26T01:49:49+02:00","message":"begin: fvRsBd"}
{"level":"debug","start_time":"2023-07-26T01:49:49+02:00","time":"2023-07-26T01:49:49+02:00","message":"begin: bgpRRNodePEp"}
{"level":"debug","start_time":"2023-07-26T01:49:49+02:00","time":"2023-07-26T01:49:49+02:00","message":"begin: ipv4Addr"}
{"level":"info","time":"2023-07-26T01:49:49+02:00","message":"fetching bgpRRNodePEp..."}
{"level":"debug","url":"/api/class/bgpRRNodePEp","time":"2023-07-26T01:49:49+02:00","message":"requesting resource"}
{"level":"debug","start_time":"2023-07-26T01:49:49+02:00","time":"2023-07-26T01:49:49+02:00","message":"begin: ipv6Addr"}
{"level":"debug","url":"/api/class/mcpInstPol","time":"2023-07-26T01:49:49+02:00","message":"requesting resource"}
{"level":"info","time":"2023-07-26T01:49:49+02:00","message":"fetching ipv6Addr..."}
{"level":"debug","url":"/api/class/ipv6Addr","time":"2023-07-26T01:49:49+02:00","message":"requesting resource"}
{"level":"debug","start_time":"2023-07-26T01:49:49+02:00","time":"2023-07-26T01:49:49+02:00","message":"begin: epLoopProtectP"}
{"level":"info","time":"2023-07-26T01:49:49+02:00","message":"fetching eqptcapacityFSPartition..."}
{"level":"debug","url":"/api/class/eqptcapacityFSPartition","time":"2023-07-26T01:49:49+02:00","message":"requesting resource"}
{"level":"debug","start_time":"2023-07-26T01:49:49+02:00","time":"2023-07-26T01:49:49+02:00","message":"begin: fvSubnet"}
{"level":"info","time":"2023-07-26T01:49:49+02:00","message":"fetching l3extRsPathL3OutAtt..."}
{"level":"info","time":"2023-07-26T01:49:49+02:00","message":"fetching fvSubnet..."}
{"level":"debug","url":"/api/class/fvSubnet","time":"2023-07-26T01:49:49+02:00","message":"requesting resource"}
{"level":"info","time":"2023-07-26T01:49:49+02:00","message":"fetching epLoopProtectP..."}
{"level":"debug","url":"/api/class/epLoopProtectP","time":"2023-07-26T01:49:49+02:00","message":"requesting resource"}
{"level":"info","time":"2023-07-26T01:49:49+02:00","message":"fetching fvRsBd..."}
{"level":"debug","url":"/api/class/fvRsBd","time":"2023-07-26T01:49:49+02:00","message":"requesting resource"}
{"level":"debug","url":"/api/class/l3extRsPathL3OutAtt","time":"2023-07-26T01:49:49+02:00","message":"requesting resource"}
{"level":"info","time":"2023-07-26T01:49:49+02:00","message":"fetching ipv4Addr..."}
{"level":"debug","url":"/api/class/ipv4Addr","time":"2023-07-26T01:49:49+02:00","message":"requesting resource"}
{"level":"info","time":"2023-07-26T01:49:49+02:00","message":"coopPol complete"}
{"level":"debug","elapsed_time":245,"time":"2023-07-26T01:49:49+02:00","message":"done: coopPol"}
{"level":"info","time":"2023-07-26T01:49:49+02:00","message":"bgpRRNodePEp complete"}
{"level":"debug","elapsed_time":246,"time":"2023-07-26T01:49:49+02:00","message":"done: bgpRRNodePEp"}
{"level":"info","time":"2023-07-26T01:49:50+02:00","message":"mcpInstPol complete"}
{"level":"debug","elapsed_time":490,"time":"2023-07-26T01:49:50+02:00","message":"done: mcpInstPol"}
{"level":"info","time":"2023-07-26T01:49:50+02:00","message":"ipv6Addr complete"}
{"level":"debug","elapsed_time":524,"time":"2023-07-26T01:49:50+02:00","message":"done: ipv6Addr"}
{"level":"info","time":"2023-07-26T01:49:50+02:00","message":"eqptcapacityFSPartition complete"}
{"level":"debug","elapsed_time":609,"time":"2023-07-26T01:49:50+02:00","message":"done: eqptcapacityFSPartition"}
{"level":"info","time":"2023-07-26T01:49:50+02:00","message":"fvSubnet complete"}
{"level":"debug","elapsed_time":630,"time":"2023-07-26T01:49:50+02:00","message":"done: fvSubnet"}
{"level":"info","time":"2023-07-26T01:49:50+02:00","message":"ipv4Addr complete"}
{"level":"debug","elapsed_time":853,"time":"2023-07-26T01:49:50+02:00","message":"done: ipv4Addr"}
{"level":"info","time":"2023-07-26T01:49:50+02:00","message":"epLoopProtectP complete"}
{"level":"debug","elapsed_time":853,"time":"2023-07-26T01:49:50+02:00","message":"done: epLoopProtectP"}
{"level":"info","time":"2023-07-26T01:49:50+02:00","message":"fvRsBd complete"}
{"level":"debug","elapsed_time":856,"time":"2023-07-26T01:49:50+02:00","message":"done: fvRsBd"}
{"level":"info","time":"2023-07-26T01:49:50+02:00","message":"l3extRsPathL3OutAtt complete"}
{"level":"debug","elapsed_time":857,"time":"2023-07-26T01:49:50+02:00","message":"done: l3extRsPathL3OutAtt"}
{"level":"debug","start_time":"2023-07-26T01:49:50+02:00","time":"2023-07-26T01:49:50+02:00","message":"begin: infraPortTrackPol"}
{"level":"debug","start_time":"2023-07-26T01:49:50+02:00","time":"2023-07-26T01:49:50+02:00","message":"begin: infraAttEntityP"}
{"level":"info","time":"2023-07-26T01:49:50+02:00","message":"fetching infraPortTrackPol..."}
{"level":"debug","url":"/api/class/infraPortTrackPol","time":"2023-07-26T01:49:50+02:00","message":"requesting resource"}
{"level":"debug","start_time":"2023-07-26T01:49:50+02:00","time":"2023-07-26T01:49:50+02:00","message":"begin: l3extLNodeP"}
{"level":"debug","start_time":"2023-07-26T01:49:50+02:00","time":"2023-07-26T01:49:50+02:00","message":"begin: infraRsDomP"}
{"level":"debug","start_time":"2023-07-26T01:49:50+02:00","time":"2023-07-26T01:49:50+02:00","message":"begin: eqptExtCh"}
{"level":"debug","start_time":"2023-07-26T01:49:50+02:00","time":"2023-07-26T01:49:50+02:00","message":"begin: fvRsDomAtt"}
{"level":"info","time":"2023-07-26T01:49:50+02:00","message":"fetching eqptExtCh..."}
{"level":"debug","url":"/api/class/eqptExtCh","time":"2023-07-26T01:49:50+02:00","message":"requesting resource"}
{"level":"info","time":"2023-07-26T01:49:50+02:00","message":"fetching fvRsDomAtt..."}
{"level":"debug","url":"/api/class/fvRsDomAtt","time":"2023-07-26T01:49:50+02:00","message":"requesting resource"}
{"level":"debug","start_time":"2023-07-26T01:49:50+02:00","time":"2023-07-26T01:49:50+02:00","message":"begin: l3extRsNodeL3OutAtt"}
{"level":"info","time":"2023-07-26T01:49:50+02:00","message":"fetching l3extLNodeP..."}
{"level":"debug","url":"/api/class/l3extLNodeP","time":"2023-07-26T01:49:50+02:00","message":"requesting resource"}
{"level":"debug","start_time":"2023-07-26T01:49:50+02:00","time":"2023-07-26T01:49:50+02:00","message":"begin: infraRsFuncToEpg"}
{"level":"debug","start_time":"2023-07-26T01:49:50+02:00","time":"2023-07-26T01:49:50+02:00","message":"begin: fvnsEncapBlk"}
{"level":"debug","start_time":"2023-07-26T01:49:50+02:00","time":"2023-07-26T01:49:50+02:00","message":"begin: fvnsVlanInstP"}
{"level":"info","time":"2023-07-26T01:49:50+02:00","message":"fetching fvnsEncapBlk..."}
{"level":"debug","url":"/api/class/fvnsEncapBlk","time":"2023-07-26T01:49:50+02:00","message":"requesting resource"}
{"level":"info","time":"2023-07-26T01:49:50+02:00","message":"fetching l3extRsNodeL3OutAtt..."}
{"level":"debug","url":"/api/class/l3extRsNodeL3OutAtt","time":"2023-07-26T01:49:50+02:00","message":"requesting resource"}
{"level":"info","time":"2023-07-26T01:49:50+02:00","message":"fetching fvnsVlanInstP..."}
{"level":"debug","url":"/api/class/fvnsVlanInstP","time":"2023-07-26T01:49:50+02:00","message":"requesting resource"}
{"level":"info","time":"2023-07-26T01:49:50+02:00","message":"fetching infraRsDomP..."}
{"level":"debug","url":"/api/class/infraRsDomP","time":"2023-07-26T01:49:50+02:00","message":"requesting resource"}
{"level":"info","time":"2023-07-26T01:49:50+02:00","message":"fetching infraAttEntityP..."}
{"level":"debug","url":"/api/class/infraAttEntityP","time":"2023-07-26T01:49:50+02:00","message":"requesting resource"}
{"level":"info","time":"2023-07-26T01:49:50+02:00","message":"fetching infraRsFuncToEpg..."}
{"level":"debug","url":"/api/class/infraRsFuncToEpg","time":"2023-07-26T01:49:50+02:00","message":"requesting resource"}
{"level":"info","time":"2023-07-26T01:49:50+02:00","message":"eqptExtCh complete"}
{"level":"info","time":"2023-07-26T01:49:50+02:00","message":"infraPortTrackPol complete"}
{"level":"debug","elapsed_time":99,"time":"2023-07-26T01:49:50+02:00","message":"done: eqptExtCh"}
{"level":"debug","elapsed_time":99,"time":"2023-07-26T01:49:50+02:00","message":"done: infraPortTrackPol"}
{"level":"info","time":"2023-07-26T01:49:50+02:00","message":"fvRsDomAtt complete"}
{"level":"debug","elapsed_time":200,"time":"2023-07-26T01:49:50+02:00","message":"done: fvRsDomAtt"}
{"level":"info","time":"2023-07-26T01:49:50+02:00","message":"l3extLNodeP complete"}
{"level":"debug","elapsed_time":200,"time":"2023-07-26T01:49:50+02:00","message":"done: l3extLNodeP"}
{"level":"info","time":"2023-07-26T01:49:50+02:00","message":"l3extRsNodeL3OutAtt complete"}
{"level":"info","time":"2023-07-26T01:49:50+02:00","message":"fvnsEncapBlk complete"}
{"level":"debug","elapsed_time":382,"time":"2023-07-26T01:49:50+02:00","message":"done: l3extRsNodeL3OutAtt"}
{"level":"debug","elapsed_time":382,"time":"2023-07-26T01:49:50+02:00","message":"done: fvnsEncapBlk"}
{"level":"info","time":"2023-07-26T01:49:50+02:00","message":"infraRsDomP complete"}
{"level":"debug","elapsed_time":464,"time":"2023-07-26T01:49:50+02:00","message":"done: infraRsDomP"}
{"level":"info","time":"2023-07-26T01:49:50+02:00","message":"fvnsVlanInstP complete"}
{"level":"debug","elapsed_time":483,"time":"2023-07-26T01:49:50+02:00","message":"done: fvnsVlanInstP"}
{"level":"info","time":"2023-07-26T01:49:51+02:00","message":"infraAttEntityP complete"}
{"level":"debug","elapsed_time":503,"time":"2023-07-26T01:49:51+02:00","message":"done: infraAttEntityP"}
{"level":"info","time":"2023-07-26T01:49:51+02:00","message":"infraRsFuncToEpg complete"}
{"level":"debug","elapsed_time":503,"time":"2023-07-26T01:49:51+02:00","message":"done: infraRsFuncToEpg"}
{"level":"debug","start_time":"2023-07-26T01:49:51+02:00","time":"2023-07-26T01:49:51+02:00","message":"begin: epControlP"}
{"level":"debug","start_time":"2023-07-26T01:49:51+02:00","time":"2023-07-26T01:49:51+02:00","message":"begin: fcDomP"}
{"level":"debug","start_time":"2023-07-26T01:49:51+02:00","time":"2023-07-26T01:49:51+02:00","message":"begin: vmmDomP"}
{"level":"info","time":"2023-07-26T01:49:51+02:00","message":"fetching epControlP..."}
{"level":"debug","url":"/api/class/epControlP","time":"2023-07-26T01:49:51+02:00","message":"requesting resource"}
{"level":"debug","start_time":"2023-07-26T01:49:51+02:00","time":"2023-07-26T01:49:51+02:00","message":"begin: apPlugin"}
{"level":"debug","start_time":"2023-07-26T01:49:51+02:00","time":"2023-07-26T01:49:51+02:00","message":"begin: fabricNodePEp"}
{"level":"info","time":"2023-07-26T01:49:51+02:00","message":"fetching apPlugin..."}
{"level":"debug","url":"/api/class/apPlugin","time":"2023-07-26T01:49:51+02:00","message":"requesting resource"}
{"level":"debug","start_time":"2023-07-26T01:49:51+02:00","time":"2023-07-26T01:49:51+02:00","message":"begin: fabricRsTimePol"}
{"level":"debug","start_time":"2023-07-26T01:49:51+02:00","time":"2023-07-26T01:49:51+02:00","message":"begin: datetimePol"}
{"level":"info","time":"2023-07-26T01:49:51+02:00","message":"fetching fcDomP..."}
{"level":"info","time":"2023-07-26T01:49:51+02:00","message":"fetching datetimePol..."}
{"level":"debug","url":"/api/class/datetimePol","time":"2023-07-26T01:49:51+02:00","message":"requesting resource"}
{"level":"debug","start_time":"2023-07-26T01:49:51+02:00","time":"2023-07-26T01:49:51+02:00","message":"begin: l3IfPol"}
{"level":"info","time":"2023-07-26T01:49:51+02:00","message":"fetching fabricNodePEp..."}
{"level":"debug","url":"/api/class/fabricNodePEp","time":"2023-07-26T01:49:51+02:00","message":"requesting resource"}
{"level":"info","time":"2023-07-26T01:49:51+02:00","message":"fetching fabricRsTimePol..."}
{"level":"debug","url":"/api/class/fabricRsTimePol","time":"2023-07-26T01:49:51+02:00","message":"requesting resource"}
{"level":"debug","start_time":"2023-07-26T01:49:51+02:00","time":"2023-07-26T01:49:51+02:00","message":"begin: fabricExplicitGEp"}
{"level":"info","time":"2023-07-26T01:49:51+02:00","message":"fetching vmmDomP..."}
{"level":"debug","url":"/api/class/vmmDomP","time":"2023-07-26T01:49:51+02:00","message":"requesting resource"}
{"level":"debug","start_time":"2023-07-26T01:49:51+02:00","time":"2023-07-26T01:49:51+02:00","message":"begin: datetimeNtpProv"}
{"level":"debug","url":"/api/class/fcDomP","time":"2023-07-26T01:49:51+02:00","message":"requesting resource"}
{"level":"info","time":"2023-07-26T01:49:51+02:00","message":"fetching fabricExplicitGEp..."}
{"level":"debug","url":"/api/class/fabricExplicitGEp","time":"2023-07-26T01:49:51+02:00","message":"requesting resource"}
{"level":"info","time":"2023-07-26T01:49:51+02:00","message":"fetching datetimeNtpProv..."}
{"level":"debug","url":"/api/class/datetimeNtpProv","time":"2023-07-26T01:49:51+02:00","message":"requesting resource"}
{"level":"info","time":"2023-07-26T01:49:51+02:00","message":"fetching l3IfPol..."}
{"level":"debug","url":"/api/class/l3IfPol","time":"2023-07-26T01:49:51+02:00","message":"requesting resource"}
{"level":"info","time":"2023-07-26T01:49:51+02:00","message":"epControlP complete"}
{"level":"debug","elapsed_time":95,"time":"2023-07-26T01:49:51+02:00","message":"done: epControlP"}
{"level":"info","time":"2023-07-26T01:49:51+02:00","message":"apPlugin complete"}
{"level":"debug","elapsed_time":105,"time":"2023-07-26T01:49:51+02:00","message":"done: apPlugin"}
{"level":"info","time":"2023-07-26T01:49:51+02:00","message":"datetimePol complete"}
{"level":"debug","elapsed_time":198,"time":"2023-07-26T01:49:51+02:00","message":"done: datetimePol"}
{"level":"info","time":"2023-07-26T01:49:51+02:00","message":"fabricNodePEp complete"}
{"level":"debug","elapsed_time":223,"time":"2023-07-26T01:49:51+02:00","message":"done: fabricNodePEp"}
{"level":"info","time":"2023-07-26T01:49:51+02:00","message":"fabricRsTimePol complete"}
{"level":"debug","elapsed_time":297,"time":"2023-07-26T01:49:51+02:00","message":"done: fabricRsTimePol"}
{"level":"info","time":"2023-07-26T01:49:51+02:00","message":"vmmDomP complete"}
{"level":"debug","elapsed_time":316,"time":"2023-07-26T01:49:51+02:00","message":"done: vmmDomP"}
{"level":"info","time":"2023-07-26T01:49:51+02:00","message":"datetimeNtpProv complete"}
{"level":"debug","elapsed_time":372,"time":"2023-07-26T01:49:51+02:00","message":"done: datetimeNtpProv"}
{"level":"info","time":"2023-07-26T01:49:51+02:00","message":"fabricExplicitGEp complete"}
{"level":"debug","elapsed_time":381,"time":"2023-07-26T01:49:51+02:00","message":"done: fabricExplicitGEp"}
{"level":"info","time":"2023-07-26T01:49:51+02:00","message":"fcDomP complete"}
{"level":"debug","elapsed_time":387,"time":"2023-07-26T01:49:51+02:00","message":"done: fcDomP"}
{"level":"info","time":"2023-07-26T01:49:51+02:00","message":"l3IfPol complete"}
{"level":"debug","elapsed_time":396,"time":"2023-07-26T01:49:51+02:00","message":"done: l3IfPol"}
{"level":"debug","start_time":"2023-07-26T01:49:51+02:00","time":"2023-07-26T01:49:51+02:00","message":"begin: fabricCtrlrConfigP"}
{"level":"debug","start_time":"2023-07-26T01:49:51+02:00","time":"2023-07-26T01:49:51+02:00","message":"begin: fabricRsSpNodePGrp"}
{"level":"info","time":"2023-07-26T01:49:51+02:00","message":"fetching fabricCtrlrConfigP..."}
{"level":"debug","url":"/api/class/fabricCtrlrConfigP","time":"2023-07-26T01:49:51+02:00","message":"requesting resource"}
{"level":"info","time":"2023-07-26T01:49:51+02:00","message":"fetching fabricRsSpNodePGrp..."}
{"level":"debug","url":"/api/class/fabricRsSpNodePGrp","time":"2023-07-26T01:49:51+02:00","message":"requesting resource"}
{"level":"debug","start_time":"2023-07-26T01:49:51+02:00","time":"2023-07-26T01:49:51+02:00","message":"begin: fabricNodeControl"}
{"level":"info","time":"2023-07-26T01:49:51+02:00","message":"fetching fabricNodeControl..."}
{"level":"debug","start_time":"2023-07-26T01:49:51+02:00","time":"2023-07-26T01:49:51+02:00","message":"begin: fvRsCtx"}
{"level":"info","time":"2023-07-26T01:49:51+02:00","message":"fetching fvRsCtx..."}
{"level":"debug","url":"/api/class/fvRsCtx","time":"2023-07-26T01:49:51+02:00","message":"requesting resource"}
{"level":"debug","start_time":"2023-07-26T01:49:51+02:00","time":"2023-07-26T01:49:51+02:00","message":"begin: vzFilter"}
{"level":"debug","start_time":"2023-07-26T01:49:51+02:00","time":"2023-07-26T01:49:51+02:00","message":"begin: fabricRsNodeCtrl"}
{"level":"debug","start_time":"2023-07-26T01:49:51+02:00","time":"2023-07-26T01:49:51+02:00","message":"begin: fabricRsLeNodePGrp"}
{"level":"debug","start_time":"2023-07-26T01:49:51+02:00","time":"2023-07-26T01:49:51+02:00","message":"begin: fvcapRule"}
{"level":"debug","start_time":"2023-07-26T01:49:51+02:00","time":"2023-07-26T01:49:51+02:00","message":"begin: configRsRemotePath"}
{"level":"debug","start_time":"2023-07-26T01:49:51+02:00","time":"2023-07-26T01:49:51+02:00","message":"begin: fvCEp"}
{"level":"info","time":"2023-07-26T01:49:51+02:00","message":"fetching fabricRsLeNodePGrp..."}
{"level":"debug","url":"/api/class/fabricRsLeNodePGrp","time":"2023-07-26T01:49:51+02:00","message":"requesting resource"}
{"level":"info","time":"2023-07-26T01:49:51+02:00","message":"fetching fvCEp..."}
{"level":"debug","url":"/api/class/fvCEp","time":"2023-07-26T01:49:51+02:00","message":"requesting resource"}
{"level":"info","time":"2023-07-26T01:49:51+02:00","message":"fetching fabricRsNodeCtrl..."}
{"level":"debug","url":"/api/class/fabricRsNodeCtrl","time":"2023-07-26T01:49:51+02:00","message":"requesting resource"}
{"level":"debug","url":"/api/class/fabricNodeControl","time":"2023-07-26T01:49:51+02:00","message":"requesting resource"}
{"level":"info","time":"2023-07-26T01:49:51+02:00","message":"fetching vzFilter..."}
{"level":"debug","url":"/api/class/vzFilter","time":"2023-07-26T01:49:51+02:00","message":"requesting resource"}
{"level":"info","time":"2023-07-26T01:49:51+02:00","message":"fetching fvcapRule..."}
{"level":"debug","url":"/api/class/fvcapRule","time":"2023-07-26T01:49:51+02:00","message":"requesting resource"}
{"level":"info","time":"2023-07-26T01:49:51+02:00","message":"fetching configRsRemotePath..."}
{"level":"debug","url":"/api/class/configRsRemotePath","time":"2023-07-26T01:49:51+02:00","message":"requesting resource"}
{"level":"info","time":"2023-07-26T01:49:51+02:00","message":"fabricCtrlrConfigP complete"}
{"level":"debug","elapsed_time":92,"time":"2023-07-26T01:49:51+02:00","message":"done: fabricCtrlrConfigP"}
{"level":"info","time":"2023-07-26T01:49:51+02:00","message":"fvRsCtx complete"}
{"level":"debug","elapsed_time":106,"time":"2023-07-26T01:49:51+02:00","message":"done: fvRsCtx"}
{"level":"info","time":"2023-07-26T01:49:51+02:00","message":"fabricRsLeNodePGrp complete"}
{"level":"debug","elapsed_time":175,"time":"2023-07-26T01:49:51+02:00","message":"done: fabricRsLeNodePGrp"}
{"level":"info","time":"2023-07-26T01:49:51+02:00","message":"fvCEp complete"}
{"level":"debug","elapsed_time":199,"time":"2023-07-26T01:49:51+02:00","message":"done: fvCEp"}
{"level":"info","time":"2023-07-26T01:49:51+02:00","message":"fabricRsNodeCtrl complete"}
{"level":"debug","elapsed_time":256,"time":"2023-07-26T01:49:51+02:00","message":"done: fabricRsNodeCtrl"}
{"level":"info","time":"2023-07-26T01:49:51+02:00","message":"fabricNodeControl complete"}
{"level":"debug","elapsed_time":280,"time":"2023-07-26T01:49:51+02:00","message":"done: fabricNodeControl"}
{"level":"info","time":"2023-07-26T01:49:51+02:00","message":"configRsRemotePath complete"}
{"level":"debug","elapsed_time":324,"time":"2023-07-26T01:49:51+02:00","message":"done: configRsRemotePath"}
{"level":"info","time":"2023-07-26T01:49:51+02:00","message":"fabricRsSpNodePGrp complete"}
{"level":"debug","elapsed_time":354,"time":"2023-07-26T01:49:51+02:00","message":"done: fabricRsSpNodePGrp"}
{"level":"info","time":"2023-07-26T01:49:51+02:00","message":"vzFilter complete"}
{"level":"debug","elapsed_time":355,"time":"2023-07-26T01:49:51+02:00","message":"done: vzFilter"}
{"level":"info","time":"2023-07-26T01:49:51+02:00","message":"fvcapRule complete"}
{"level":"debug","elapsed_time":434,"time":"2023-07-26T01:49:51+02:00","message":"done: fvcapRule"}
{"level":"debug","start_time":"2023-07-26T01:49:51+02:00","time":"2023-07-26T01:49:51+02:00","message":"begin: eqptcapacityL2RemoteUsage5min"}
{"level":"debug","start_time":"2023-07-26T01:49:51+02:00","time":"2023-07-26T01:49:51+02:00","message":"begin: infraRsMcpIfPol"}
{"level":"info","time":"2023-07-26T01:49:51+02:00","message":"fetching eqptcapacityL2RemoteUsage5min..."}
{"level":"debug","url":"/api/class/eqptcapacityL2RemoteUsage5min","time":"2023-07-26T01:49:51+02:00","message":"requesting resource"}
{"level":"debug","start_time":"2023-07-26T01:49:51+02:00","time":"2023-07-26T01:49:51+02:00","message":"begin: l3extInstP"}
{"level":"debug","start_time":"2023-07-26T01:49:51+02:00","time":"2023-07-26T01:49:51+02:00","message":"begin: fvRsCons"}
{"level":"debug","start_time":"2023-07-26T01:49:51+02:00","time":"2023-07-26T01:49:51+02:00","message":"begin: eqptcapacityL2Usage5min"}
{"level":"debug","start_time":"2023-07-26T01:49:51+02:00","time":"2023-07-26T01:49:51+02:00","message":"begin: infraRsAccPortP"}
{"level":"debug","start_time":"2023-07-26T01:49:51+02:00","time":"2023-07-26T01:49:51+02:00","message":"begin: infraRsAccBaseGrp"}
{"level":"info","time":"2023-07-26T01:49:51+02:00","message":"fetching infraRsAccPortP..."}
{"level":"debug","url":"/api/class/infraRsAccPortP","time":"2023-07-26T01:49:51+02:00","message":"requesting resource"}
{"level":"info","time":"2023-07-26T01:49:51+02:00","message":"fetching infraRsAccBaseGrp..."}
{"level":"debug","url":"/api/class/infraRsAccBaseGrp","time":"2023-07-26T01:49:51+02:00","message":"requesting resource"}
{"level":"info","time":"2023-07-26T01:49:51+02:00","message":"fetching l3extInstP..."}
{"level":"debug","url":"/api/class/l3extInstP","time":"2023-07-26T01:49:51+02:00","message":"requesting resource"}
{"level":"info","time":"2023-07-26T01:49:51+02:00","message":"fetching eqptcapacityL2Usage5min..."}
{"level":"debug","url":"/api/class/eqptcapacityL2Usage5min","time":"2023-07-26T01:49:51+02:00","message":"requesting resource"}
{"level":"debug","start_time":"2023-07-26T01:49:51+02:00","time":"2023-07-26T01:49:51+02:00","message":"begin: mcpIfPol"}
{"level":"info","time":"2023-07-26T01:49:51+02:00","message":"fetching infraRsMcpIfPol..."}
{"level":"debug","url":"/api/class/infraRsMcpIfPol","time":"2023-07-26T01:49:51+02:00","message":"requesting resource"}
{"level":"info","time":"2023-07-26T01:49:51+02:00","message":"fetching fvRsCons..."}
{"level":"debug","url":"/api/class/fvRsCons","time":"2023-07-26T01:49:51+02:00","message":"requesting resource"}
{"level":"info","time":"2023-07-26T01:49:51+02:00","message":"fetching mcpIfPol..."}
{"level":"debug","url":"/api/class/mcpIfPol","time":"2023-07-26T01:49:51+02:00","message":"requesting resource"}
{"level":"debug","start_time":"2023-07-26T01:49:51+02:00","time":"2023-07-26T01:49:51+02:00","message":"begin: ctxClassCnt"}
{"level":"debug","start_time":"2023-07-26T01:49:51+02:00","time":"2023-07-26T01:49:51+02:00","message":"begin: eqptcapacityVlanUsage5min"}
{"level":"info","time":"2023-07-26T01:49:51+02:00","message":"fetching ctxClassCnt..."}
{"level":"debug","url":"/api/class/ctxClassCnt","time":"2023-07-26T01:49:51+02:00","message":"requesting resource"}
{"level":"info","time":"2023-07-26T01:49:51+02:00","message":"fetching eqptcapacityVlanUsage5min..."}
{"level":"debug","url":"/api/class/eqptcapacityVlanUsage5min","time":"2023-07-26T01:49:51+02:00","message":"requesting resource"}
{"level":"info","time":"2023-07-26T01:49:51+02:00","message":"eqptcapacityL2RemoteUsage5min complete"}
{"level":"debug","elapsed_time":85,"time":"2023-07-26T01:49:51+02:00","message":"done: eqptcapacityL2RemoteUsage5min"}
{"level":"info","time":"2023-07-26T01:49:51+02:00","message":"infraRsAccPortP complete"}
{"level":"debug","elapsed_time":87,"time":"2023-07-26T01:49:51+02:00","message":"done: infraRsAccPortP"}
{"level":"info","time":"2023-07-26T01:49:52+02:00","message":"infraRsAccBaseGrp complete"}
{"level":"debug","elapsed_time":175,"time":"2023-07-26T01:49:52+02:00","message":"done: infraRsAccBaseGrp"}
{"level":"info","time":"2023-07-26T01:49:52+02:00","message":"l3extInstP complete"}
{"level":"debug","elapsed_time":180,"time":"2023-07-26T01:49:52+02:00","message":"done: l3extInstP"}
{"level":"info","time":"2023-07-26T01:49:52+02:00","message":"eqptcapacityL2Usage5min complete"}
{"level":"debug","elapsed_time":253,"time":"2023-07-26T01:49:52+02:00","message":"done: eqptcapacityL2Usage5min"}
{"level":"info","time":"2023-07-26T01:49:52+02:00","message":"infraRsMcpIfPol complete"}
{"level":"debug","elapsed_time":262,"time":"2023-07-26T01:49:52+02:00","message":"done: infraRsMcpIfPol"}
{"level":"info","time":"2023-07-26T01:49:52+02:00","message":"fvRsCons complete"}
{"level":"debug","elapsed_time":328,"time":"2023-07-26T01:49:52+02:00","message":"done: fvRsCons"}
{"level":"info","time":"2023-07-26T01:49:52+02:00","message":"mcpIfPol complete"}
{"level":"debug","elapsed_time":342,"time":"2023-07-26T01:49:52+02:00","message":"done: mcpIfPol"}
{"level":"info","time":"2023-07-26T01:49:52+02:00","message":"eqptcapacityVlanUsage5min complete"}
{"level":"debug","elapsed_time":343,"time":"2023-07-26T01:49:52+02:00","message":"done: eqptcapacityVlanUsage5min"}
{"level":"info","time":"2023-07-26T01:49:52+02:00","message":"ctxClassCnt complete"}
{"level":"debug","elapsed_time":344,"time":"2023-07-26T01:49:52+02:00","message":"done: ctxClassCnt"}
{"level":"debug","start_time":"2023-07-26T01:49:52+02:00","time":"2023-07-26T01:49:52+02:00","message":"begin: epIpAgingP"}
{"level":"debug","start_time":"2023-07-26T01:49:52+02:00","time":"2023-07-26T01:49:52+02:00","message":"begin: eqptcapacityL3TotalUsage5min"}
{"level":"info","time":"2023-07-26T01:49:52+02:00","message":"fetching epIpAgingP..."}
{"level":"debug","url":"/api/class/epIpAgingP","time":"2023-07-26T01:49:52+02:00","message":"requesting resource"}
{"level":"debug","start_time":"2023-07-26T01:49:52+02:00","time":"2023-07-26T01:49:52+02:00","message":"begin: eqptcapacityL3TotalUsageCap5min"}
{"level":"info","time":"2023-07-26T01:49:52+02:00","message":"fetching eqptcapacityL3TotalUsageCap5min..."}
{"level":"debug","url":"/api/class/eqptcapacityL3TotalUsageCap5min","time":"2023-07-26T01:49:52+02:00","message":"requesting resource"}
{"level":"debug","start_time":"2023-07-26T01:49:52+02:00","time":"2023-07-26T01:49:52+02:00","message":"begin: eqptcapacityPolUsage5min"}
{"level":"debug","start_time":"2023-07-26T01:49:52+02:00","time":"2023-07-26T01:49:52+02:00","message":"begin: eqptcapacityL2TotalUsage5min"}
{"level":"debug","start_time":"2023-07-26T01:49:52+02:00","time":"2023-07-26T01:49:52+02:00","message":"begin: eqptcapacityL3Usage5min"}
{"level":"debug","start_time":"2023-07-26T01:49:52+02:00","time":"2023-07-26T01:49:52+02:00","message":"begin: eqptcapacityL3RemoteUsage5min"}
{"level":"debug","start_time":"2023-07-26T01:49:52+02:00","time":"2023-07-26T01:49:52+02:00","message":"begin: infraWiNode"}
{"level":"info","time":"2023-07-26T01:49:52+02:00","message":"fetching eqptcapacityPolUsage5min..."}
{"level":"debug","url":"/api/class/eqptcapacityPolUsage5min","time":"2023-07-26T01:49:52+02:00","message":"requesting resource"}
{"level":"info","time":"2023-07-26T01:49:52+02:00","message":"fetching eqptcapacityL3TotalUsage5min..."}
{"level":"debug","url":"/api/class/eqptcapacityL3TotalUsage5min","time":"2023-07-26T01:49:52+02:00","message":"requesting resource"}
{"level":"info","time":"2023-07-26T01:49:52+02:00","message":"fetching eqptcapacityL2TotalUsage5min..."}
{"level":"debug","url":"/api/class/eqptcapacityL2TotalUsage5min","time":"2023-07-26T01:49:52+02:00","message":"requesting resource"}
{"level":"info","time":"2023-07-26T01:49:52+02:00","message":"fetching eqptcapacityL3Usage5min..."}
{"level":"debug","url":"/api/class/eqptcapacityL3Usage5min","time":"2023-07-26T01:49:52+02:00","message":"requesting resource"}
{"level":"info","time":"2023-07-26T01:49:52+02:00","message":"fetching eqptcapacityL3RemoteUsage5min..."}
{"level":"debug","url":"/api/class/eqptcapacityL3RemoteUsage5min","time":"2023-07-26T01:49:52+02:00","message":"requesting resource"}
{"level":"info","time":"2023-07-26T01:49:52+02:00","message":"fetching infraWiNode..."}
{"level":"debug","url":"/api/class/infraWiNode","time":"2023-07-26T01:49:52+02:00","message":"requesting resource"}
{"level":"info","time":"2023-07-26T01:49:52+02:00","message":"epIpAgingP complete"}
{"level":"debug","elapsed_time":82,"time":"2023-07-26T01:49:52+02:00","message":"done: epIpAgingP"}
{"level":"info","time":"2023-07-26T01:49:52+02:00","message":"eqptcapacityL3TotalUsageCap5min complete"}
{"level":"debug","elapsed_time":89,"time":"2023-07-26T01:49:52+02:00","message":"done: eqptcapacityL3TotalUsageCap5min"}
{"level":"info","time":"2023-07-26T01:49:52+02:00","message":"eqptcapacityPolUsage5min complete"}
{"level":"debug","elapsed_time":165,"time":"2023-07-26T01:49:52+02:00","message":"done: eqptcapacityPolUsage5min"}
{"level":"info","time":"2023-07-26T01:49:52+02:00","message":"eqptcapacityL3TotalUsage5min complete"}
{"level":"debug","elapsed_time":207,"time":"2023-07-26T01:49:52+02:00","message":"done: eqptcapacityL3TotalUsage5min"}
{"level":"info","time":"2023-07-26T01:49:52+02:00","message":"eqptcapacityL2TotalUsage5min complete"}
{"level":"debug","elapsed_time":248,"time":"2023-07-26T01:49:52+02:00","message":"done: eqptcapacityL2TotalUsage5min"}
{"level":"info","time":"2023-07-26T01:49:52+02:00","message":"eqptcapacityL3Usage5min complete"}
{"level":"debug","elapsed_time":294,"time":"2023-07-26T01:49:52+02:00","message":"done: eqptcapacityL3Usage5min"}
{"level":"info","time":"2023-07-26T01:49:52+02:00","message":"eqptcapacityL3RemoteUsage5min complete"}
{"level":"debug","elapsed_time":340,"time":"2023-07-26T01:49:52+02:00","message":"done: eqptcapacityL3RemoteUsage5min"}
{"level":"info","time":"2023-07-26T01:49:52+02:00","message":"infraWiNode complete"}
{"level":"debug","elapsed_time":373,"time":"2023-07-26T01:49:52+02:00","message":"done: infraWiNode"}
{"level":"info","time":"2023-07-26T01:49:52+02:00","message":"Collection complete."}
{"level":"info","time":"2023-07-26T01:49:52+02:00","message":"Please provide /Users/pmathame/Desktop/DEV/aci-vetr-data.zip to Cisco Services for further analysis."}
